
=== Thu May 19 09:51:15 2022

Packages were changed.
Update Mode: updateDependencies

The following packages were added:
  com.unity.ide.visualstudio@2.0.14
The following packages were updated:
  com.unity.ads from version 3.6.1 to 3.7.5
  com.unity.analytics from version 3.3.5 to 3.6.12
  com.unity.collab-proxy from version 1.2.16 to 1.15.15
  com.unity.ide.rider from version 1.1.4 to 2.0.7
  com.unity.ide.vscode from version 1.2.3 to 1.2.5
  com.unity.purchasing from version 2.2.2 to 4.1.3
  com.unity.test-framework from version 1.1.22 to 1.1.31
  com.unity.textmeshpro from version 2.0.1 to 3.0.6
  com.unity.timeline from version 1.2.18 to 1.4.8
  com.unity.xr.legacyinputhelpers from version 2.1.7 to 2.1.9

=== Thu Dec  1 05:54:41 2022

Packages were changed.
Update Mode: updateDependencies

The following packages were updated:
  com.unity.cinemachine from version 2.6.15 to 2.8.4
  com.unity.ide.rider from version 2.0.7 to 3.0.9
  com.unity.render-pipelines.universal from version 10.8.1 to 12.1.4
  com.unity.timeline from version 1.4.8 to 1.6.3
The following packages were removed:
  com.unity.multiplayer-hlapi@1.0.8
